[DEBUG] 2023-02-26 03:34:00.118 [main] Util - Recovered status (true/false) from architecture: true
[INFO ] 2023-02-26 03:34:00.123 [main] Main - Getting users pending to access to eMQTT Broker
[DEBUG] 2023-02-26 03:34:10.125 [main] Util - Recovered status (true/false) from architecture: true
[INFO ] 2023-02-26 03:34:10.126 [main] Main - Getting users pending to access to eMQTT Broker
[DEBUG] 2023-02-26 03:34:20.127 [main] Util - Recovered status (true/false) from architecture: true
[INFO ] 2023-02-26 03:34:20.128 [main] Main - Getting users pending to access to eMQTT Broker
[DEBUG] 2023-02-26 03:34:20.128 [main] Main - ID [4959b14a-8efb-4006-86fa-1932135226e9] - Username [root] - Key [$2a$10$5EXjV2cK.d5vPeiR748P6OBtDNEaZC7GX6CHFNHNb0LORyt/GO2HK]
[DEBUG] 2023-02-26 03:34:20.128 [main] Main - UPDATE authz SET status = '1' WHERE authz.sku=4 AND authz.owner = '4959b14a-8efb-4006-86fa-1932135226e9'
[DEBUG] 2023-02-26 03:34:20.143 [main] Main - 19391
[DEBUG] 2023-02-26 03:34:30.150 [main] Util - Recovered status (true/false) from architecture: true
[INFO ] 2023-02-26 03:34:30.152 [main] Main - Getting users pending to access to eMQTT Broker
[DEBUG] 2023-02-26 03:34:40.154 [main] Util - Recovered status (true/false) from architecture: true
[INFO ] 2023-02-26 03:34:40.155 [main] Main - Getting users pending to access to eMQTT Broker
[DEBUG] 2023-02-26 03:34:50.156 [main] Util - Recovered status (true/false) from architecture: true
[INFO ] 2023-02-26 03:34:50.158 [main] Main - Getting users pending to access to eMQTT Broker
[DEBUG] 2023-02-26 03:35:00.160 [main] Util - Recovered status (true/false) from architecture: true
[INFO ] 2023-02-26 03:35:00.160 [main] Main - Getting users pending to access to eMQTT Broker
[DEBUG] 2023-02-26 03:35:10.162 [main] Util - Recovered status (true/false) from architecture: true
[INFO ] 2023-02-26 03:35:10.163 [main] Main - Getting users pending to access to eMQTT Broker
[DEBUG] 2023-02-26 03:35:20.165 [main] Util - Recovered status (true/false) from architecture: true
[INFO ] 2023-02-26 03:35:20.165 [main] Main - Getting users pending to access to eMQTT Broker
[DEBUG] 2023-02-26 03:35:30.167 [main] Util - Recovered status (true/false) from architecture: true
[INFO ] 2023-02-26 03:35:30.167 [main] Main - Getting users pending to access to eMQTT Broker
[DEBUG] 2023-02-26 03:35:40.169 [main] Util - Recovered status (true/false) from architecture: true
[INFO ] 2023-02-26 03:35:40.170 [main] Main - Getting users pending to access to eMQTT Broker
[DEBUG] 2023-02-26 03:35:50.171 [main] Util - Recovered status (true/false) from architecture: true
[INFO ] 2023-02-26 03:35:50.172 [main] Main - Getting users pending to access to eMQTT Broker
[DEBUG] 2023-02-26 03:36:00.174 [main] Util - Recovered status (true/false) from architecture: true
[INFO ] 2023-02-26 03:36:00.175 [main] Main - Getting users pending to access to eMQTT Broker
[DEBUG] 2023-02-26 03:36:10.177 [main] Util - Recovered status (true/false) from architecture: true
[INFO ] 2023-02-26 03:36:10.178 [main] Main - Getting users pending to access to eMQTT Broker
[DEBUG] 2023-02-26 03:36:20.180 [main] Util - Recovered status (true/false) from architecture: true
[INFO ] 2023-02-26 03:36:20.182 [main] Main - Getting users pending to access to eMQTT Broker
[DEBUG] 2023-02-26 03:36:30.183 [main] Util - Recovered status (true/false) from architecture: true
[INFO ] 2023-02-26 03:36:30.184 [main] Main - Getting users pending to access to eMQTT Broker
[DEBUG] 2023-02-26 03:36:40.443 [main] Util - Recovered status (true/false) from architecture: true
[INFO ] 2023-02-26 03:36:40.447 [main] Main - Getting users pending to access to eMQTT Broker
[DEBUG] 2023-02-26 03:36:50.450 [main] Util - Recovered status (true/false) from architecture: true
[INFO ] 2023-02-26 03:36:50.451 [main] Main - Getting users pending to access to eMQTT Broker
[DEBUG] 2023-02-26 03:37:00.453 [main] Util - Recovered status (true/false) from architecture: true
[INFO ] 2023-02-26 03:37:00.454 [main] Main - Getting users pending to access to eMQTT Broker
[DEBUG] 2023-02-26 03:37:00.454 [main] Main - ID [4959b14a-8efb-4006-86fa-1932135226e9] - Username [root] - Key [$2a$10$5EXjV2cK.d5vPeiR748P6OBtDNEaZC7GX6CHFNHNb0LORyt/GO2HK]
[DEBUG] 2023-02-26 03:37:00.454 [main] Main - UPDATE authz SET status = '1' WHERE authz.sku=4 AND authz.owner = '4959b14a-8efb-4006-86fa-1932135226e9'
[DEBUG] 2023-02-26 03:37:00.455 [main] Main - [Ljava.lang.String;@60856961
[DEBUG] 2023-02-26 03:37:00.470 [main] Main - 19391
[DEBUG] 2023-02-26 03:37:10.478 [main] Util - Recovered status (true/false) from architecture: true
[INFO ] 2023-02-26 03:37:10.479 [main] Main - Getting users pending to access to eMQTT Broker
[DEBUG] 2023-02-26 03:37:20.481 [main] Util - Recovered status (true/false) from architecture: true
[INFO ] 2023-02-26 03:37:20.482 [main] Main - Getting users pending to access to eMQTT Broker
[DEBUG] 2023-02-26 03:37:30.484 [main] Util - Recovered status (true/false) from architecture: true
[INFO ] 2023-02-26 03:37:30.485 [main] Main - Getting users pending to access to eMQTT Broker
[DEBUG] 2023-02-26 03:37:40.486 [main] Util - Recovered status (true/false) from architecture: true
[INFO ] 2023-02-26 03:37:40.487 [main] Main - Getting users pending to access to eMQTT Broker
[DEBUG] 2023-02-26 03:37:50.489 [main] Util - Recovered status (true/false) from architecture: true
[INFO ] 2023-02-26 03:37:50.490 [main] Main - Getting users pending to access to eMQTT Broker
[DEBUG] 2023-02-26 03:38:00.492 [main] Util - Recovered status (true/false) from architecture: true
[INFO ] 2023-02-26 03:38:00.493 [main] Main - Getting users pending to access to eMQTT Broker
[DEBUG] 2023-02-26 03:39:21.114 [main] Util - Recovered status (true/false) from architecture: true
[INFO ] 2023-02-26 03:39:21.118 [main] Main - Getting users pending to access to eMQTT Broker
[DEBUG] 2023-02-26 03:39:31.120 [main] Util - Recovered status (true/false) from architecture: true
[INFO ] 2023-02-26 03:39:31.121 [main] Main - Getting users pending to access to eMQTT Broker
[DEBUG] 2023-02-26 03:39:41.123 [main] Util - Recovered status (true/false) from architecture: true
[INFO ] 2023-02-26 03:39:41.125 [main] Main - Getting users pending to access to eMQTT Broker
[DEBUG] 2023-02-26 03:39:41.125 [main] Main - ID [9b230938-fb87-411c-a46c-13092e45dd87] - Username [admin2500] - Key [$2a$10$Whsa9ACaHQs9JSUtAN/xPePonZo0C6x1LImwqoXRJVL9svZYCIThe]
[DEBUG] 2023-02-26 03:39:41.125 [main] Main - UPDATE authz SET status = '1' WHERE authz.sku=4 AND authz.owner = '9b230938-fb87-411c-a46c-13092e45dd87'
[DEBUG] 2023-02-26 03:39:41.126 [main] Main - [Ljava.lang.String;@60856961
[DEBUG] 2023-02-26 03:39:41.143 [main] Main - 19674
[DEBUG] 2023-02-26 03:39:51.152 [main] Util - Recovered status (true/false) from architecture: true
[INFO ] 2023-02-26 03:39:51.154 [main] Main - Getting users pending to access to eMQTT Broker
[DEBUG] 2023-02-26 03:40:01.156 [main] Util - Recovered status (true/false) from architecture: true
[INFO ] 2023-02-26 03:40:01.156 [main] Main - Getting users pending to access to eMQTT Broker
[DEBUG] 2023-02-26 03:40:11.158 [main] Util - Recovered status (true/false) from architecture: true
[INFO ] 2023-02-26 03:40:11.159 [main] Main - Getting users pending to access to eMQTT Broker
[DEBUG] 2023-02-26 03:40:21.161 [main] Util - Recovered status (true/false) from architecture: true
[INFO ] 2023-02-26 03:40:21.162 [main] Main - Getting users pending to access to eMQTT Broker
[DEBUG] 2023-02-26 03:40:31.164 [main] Util - Recovered status (true/false) from architecture: true
[INFO ] 2023-02-26 03:40:31.165 [main] Main - Getting users pending to access to eMQTT Broker
[DEBUG] 2023-02-26 03:40:41.167 [main] Util - Recovered status (true/false) from architecture: true
[INFO ] 2023-02-26 03:40:41.168 [main] Main - Getting users pending to access to eMQTT Broker
[DEBUG] 2023-02-26 03:40:51.171 [main] Util - Recovered status (true/false) from architecture: true
[INFO ] 2023-02-26 03:40:51.172 [main] Main - Getting users pending to access to eMQTT Broker
[DEBUG] 2023-02-26 03:41:01.173 [main] Util - Recovered status (true/false) from architecture: true
[INFO ] 2023-02-26 03:41:01.174 [main] Main - Getting users pending to access to eMQTT Broker
[DEBUG] 2023-02-26 03:41:11.175 [main] Util - Recovered status (true/false) from architecture: true
[INFO ] 2023-02-26 03:41:11.177 [main] Main - Getting users pending to access to eMQTT Broker
[DEBUG] 2023-02-26 03:41:21.180 [main] Util - Recovered status (true/false) from architecture: true
[INFO ] 2023-02-26 03:41:21.183 [main] Main - Getting users pending to access to eMQTT Broker
[DEBUG] 2023-02-26 03:41:31.185 [main] Util - Recovered status (true/false) from architecture: true
[INFO ] 2023-02-26 03:41:31.186 [main] Main - Getting users pending to access to eMQTT Broker
[DEBUG] 2023-02-26 03:41:41.188 [main] Util - Recovered status (true/false) from architecture: true
[INFO ] 2023-02-26 03:41:41.189 [main] Main - Getting users pending to access to eMQTT Broker
[DEBUG] 2023-02-26 03:41:51.191 [main] Util - Recovered status (true/false) from architecture: true
[INFO ] 2023-02-26 03:41:51.192 [main] Main - Getting users pending to access to eMQTT Broker
[DEBUG] 2023-02-26 03:41:51.192 [main] Main - ID [4959b14a-8efb-4006-86fa-1932135226e9] - Username [root] - Key [$2a$10$5EXjV2cK.d5vPeiR748P6OBtDNEaZC7GX6CHFNHNb0LORyt/GO2HK]
[DEBUG] 2023-02-26 03:41:51.192 [main] Main - UPDATE authz SET status = '1' WHERE authz.sku=4 AND authz.owner = '4959b14a-8efb-4006-86fa-1932135226e9'
[DEBUG] 2023-02-26 03:41:51.193 [main] Main - [Ljava.lang.String;@3fed2870
[DEBUG] 2023-02-26 03:41:51.204 [main] Main - 19674
[DEBUG] 2023-02-26 03:42:01.214 [main] Util - Recovered status (true/false) from architecture: true
[INFO ] 2023-02-26 03:42:01.215 [main] Main - Getting users pending to access to eMQTT Broker
[DEBUG] 2023-02-26 03:42:11.217 [main] Util - Recovered status (true/false) from architecture: true
[INFO ] 2023-02-26 03:42:11.218 [main] Main - Getting users pending to access to eMQTT Broker
[DEBUG] 2023-02-26 03:42:21.219 [main] Util - Recovered status (true/false) from architecture: true
[INFO ] 2023-02-26 03:42:21.220 [main] Main - Getting users pending to access to eMQTT Broker
[DEBUG] 2023-02-26 03:42:31.222 [main] Util - Recovered status (true/false) from architecture: true
[INFO ] 2023-02-26 03:42:31.223 [main] Main - Getting users pending to access to eMQTT Broker
[DEBUG] 2023-02-26 03:42:41.225 [main] Util - Recovered status (true/false) from architecture: true
[INFO ] 2023-02-26 03:42:41.226 [main] Main - Getting users pending to access to eMQTT Broker
[DEBUG] 2023-02-26 03:42:51.227 [main] Util - Recovered status (true/false) from architecture: true
[INFO ] 2023-02-26 03:42:51.228 [main] Main - Getting users pending to access to eMQTT Broker
[DEBUG] 2023-02-26 03:43:01.231 [main] Util - Recovered status (true/false) from architecture: true
[INFO ] 2023-02-26 03:43:01.232 [main] Main - Getting users pending to access to eMQTT Broker
[DEBUG] 2023-02-26 03:43:11.234 [main] Util - Recovered status (true/false) from architecture: true
[INFO ] 2023-02-26 03:43:11.235 [main] Main - Getting users pending to access to eMQTT Broker
[DEBUG] 2023-02-26 03:43:21.236 [main] Util - Recovered status (true/false) from architecture: true
[INFO ] 2023-02-26 03:43:21.237 [main] Main - Getting users pending to access to eMQTT Broker
[DEBUG] 2023-02-26 03:43:31.239 [main] Util - Recovered status (true/false) from architecture: true
[INFO ] 2023-02-26 03:43:31.240 [main] Main - Getting users pending to access to eMQTT Broker
[DEBUG] 2023-02-26 03:43:41.242 [main] Util - Recovered status (true/false) from architecture: true
[INFO ] 2023-02-26 03:43:41.243 [main] Main - Getting users pending to access to eMQTT Broker
[DEBUG] 2023-02-26 03:43:51.245 [main] Util - Recovered status (true/false) from architecture: true
[INFO ] 2023-02-26 03:43:51.246 [main] Main - Getting users pending to access to eMQTT Broker
[DEBUG] 2023-02-26 03:44:01.248 [main] Util - Recovered status (true/false) from architecture: true
[INFO ] 2023-02-26 03:44:01.249 [main] Main - Getting users pending to access to eMQTT Broker
[DEBUG] 2023-02-26 03:44:11.250 [main] Util - Recovered status (true/false) from architecture: true
[INFO ] 2023-02-26 03:44:11.251 [main] Main - Getting users pending to access to eMQTT Broker
[DEBUG] 2023-02-26 03:44:21.252 [main] Util - Recovered status (true/false) from architecture: true
[INFO ] 2023-02-26 03:44:21.253 [main] Main - Getting users pending to access to eMQTT Broker
[DEBUG] 2023-02-26 03:44:31.255 [main] Util - Recovered status (true/false) from architecture: true
[INFO ] 2023-02-26 03:44:31.256 [main] Main - Getting users pending to access to eMQTT Broker
[DEBUG] 2023-02-26 03:44:41.258 [main] Util - Recovered status (true/false) from architecture: true
[INFO ] 2023-02-26 03:44:41.259 [main] Main - Getting users pending to access to eMQTT Broker
[DEBUG] 2023-02-26 03:44:51.261 [main] Util - Recovered status (true/false) from architecture: true
[INFO ] 2023-02-26 03:44:51.262 [main] Main - Getting users pending to access to eMQTT Broker
[DEBUG] 2023-02-26 03:45:01.263 [main] Util - Recovered status (true/false) from architecture: true
[INFO ] 2023-02-26 03:45:01.265 [main] Main - Getting users pending to access to eMQTT Broker
[DEBUG] 2023-02-26 03:45:11.266 [main] Util - Recovered status (true/false) from architecture: true
[INFO ] 2023-02-26 03:45:11.267 [main] Main - Getting users pending to access to eMQTT Broker
[DEBUG] 2023-02-26 03:45:21.269 [main] Util - Recovered status (true/false) from architecture: true
[INFO ] 2023-02-26 03:45:21.270 [main] Main - Getting users pending to access to eMQTT Broker
[DEBUG] 2023-02-26 03:45:31.272 [main] Util - Recovered status (true/false) from architecture: true
[INFO ] 2023-02-26 03:45:31.273 [main] Main - Getting users pending to access to eMQTT Broker
[DEBUG] 2023-02-26 03:45:41.276 [main] Util - Recovered status (true/false) from architecture: true
[INFO ] 2023-02-26 03:45:41.278 [main] Main - Getting users pending to access to eMQTT Broker
[DEBUG] 2023-02-26 03:45:51.280 [main] Util - Recovered status (true/false) from architecture: true
[INFO ] 2023-02-26 03:45:51.281 [main] Main - Getting users pending to access to eMQTT Broker
[DEBUG] 2023-02-26 03:46:01.283 [main] Util - Recovered status (true/false) from architecture: true
[INFO ] 2023-02-26 03:46:01.284 [main] Main - Getting users pending to access to eMQTT Broker
[DEBUG] 2023-02-26 03:46:11.286 [main] Util - Recovered status (true/false) from architecture: true
[INFO ] 2023-02-26 03:46:11.287 [main] Main - Getting users pending to access to eMQTT Broker
[DEBUG] 2023-02-26 03:46:21.288 [main] Util - Recovered status (true/false) from architecture: true
[INFO ] 2023-02-26 03:46:21.289 [main] Main - Getting users pending to access to eMQTT Broker
[DEBUG] 2023-02-26 03:46:31.291 [main] Util - Recovered status (true/false) from architecture: true
[INFO ] 2023-02-26 03:46:31.292 [main] Main - Getting users pending to access to eMQTT Broker
[DEBUG] 2023-02-26 03:46:41.294 [main] Util - Recovered status (true/false) from architecture: true
[INFO ] 2023-02-26 03:46:41.295 [main] Main - Getting users pending to access to eMQTT Broker
[DEBUG] 2023-02-26 03:46:51.298 [main] Util - Recovered status (true/false) from architecture: true
[INFO ] 2023-02-26 03:46:51.300 [main] Main - Getting users pending to access to eMQTT Broker
[DEBUG] 2023-02-26 03:47:01.302 [main] Util - Recovered status (true/false) from architecture: true
[INFO ] 2023-02-26 03:47:01.302 [main] Main - Getting users pending to access to eMQTT Broker
[DEBUG] 2023-02-26 03:47:11.305 [main] Util - Recovered status (true/false) from architecture: true
[INFO ] 2023-02-26 03:47:11.308 [main] Main - Getting users pending to access to eMQTT Broker
[DEBUG] 2023-02-26 03:47:21.311 [main] Util - Recovered status (true/false) from architecture: true
[INFO ] 2023-02-26 03:47:21.313 [main] Main - Getting users pending to access to eMQTT Broker
[DEBUG] 2023-02-26 03:47:31.315 [main] Util - Recovered status (true/false) from architecture: true
[INFO ] 2023-02-26 03:47:31.316 [main] Main - Getting users pending to access to eMQTT Broker
[DEBUG] 2023-02-26 03:47:41.318 [main] Util - Recovered status (true/false) from architecture: true
[INFO ] 2023-02-26 03:47:41.320 [main] Main - Getting users pending to access to eMQTT Broker
[DEBUG] 2023-02-26 03:47:51.321 [main] Util - Recovered status (true/false) from architecture: true
[INFO ] 2023-02-26 03:47:51.322 [main] Main - Getting users pending to access to eMQTT Broker
[DEBUG] 2023-02-26 03:48:01.323 [main] Util - Recovered status (true/false) from architecture: true
[INFO ] 2023-02-26 03:48:01.324 [main] Main - Getting users pending to access to eMQTT Broker
[DEBUG] 2023-02-26 03:48:11.327 [main] Util - Recovered status (true/false) from architecture: true
[INFO ] 2023-02-26 03:48:11.328 [main] Main - Getting users pending to access to eMQTT Broker
[DEBUG] 2023-02-26 03:48:21.330 [main] Util - Recovered status (true/false) from architecture: true
[INFO ] 2023-02-26 03:48:21.332 [main] Main - Getting users pending to access to eMQTT Broker
[DEBUG] 2023-02-26 03:48:31.334 [main] Util - Recovered status (true/false) from architecture: true
[INFO ] 2023-02-26 03:48:31.335 [main] Main - Getting users pending to access to eMQTT Broker
[DEBUG] 2023-02-26 03:48:41.336 [main] Util - Recovered status (true/false) from architecture: true
[INFO ] 2023-02-26 03:48:41.337 [main] Main - Getting users pending to access to eMQTT Broker
[DEBUG] 2023-02-26 03:48:51.339 [main] Util - Recovered status (true/false) from architecture: true
[INFO ] 2023-02-26 03:48:51.339 [main] Main - Getting users pending to access to eMQTT Broker
[DEBUG] 2023-02-26 03:49:01.341 [main] Util - Recovered status (true/false) from architecture: true
[INFO ] 2023-02-26 03:49:01.342 [main] Main - Getting users pending to access to eMQTT Broker
[DEBUG] 2023-02-26 03:49:11.343 [main] Util - Recovered status (true/false) from architecture: true
[INFO ] 2023-02-26 03:49:11.344 [main] Main - Getting users pending to access to eMQTT Broker
[DEBUG] 2023-02-26 03:49:21.346 [main] Util - Recovered status (true/false) from architecture: true
[INFO ] 2023-02-26 03:49:21.347 [main] Main - Getting users pending to access to eMQTT Broker
[DEBUG] 2023-02-26 03:49:31.349 [main] Util - Recovered status (true/false) from architecture: true
[INFO ] 2023-02-26 03:49:31.350 [main] Main - Getting users pending to access to eMQTT Broker
[DEBUG] 2023-02-26 03:49:41.352 [main] Util - Recovered status (true/false) from architecture: true
[INFO ] 2023-02-26 03:49:41.353 [main] Main - Getting users pending to access to eMQTT Broker
[DEBUG] 2023-02-26 03:49:51.354 [main] Util - Recovered status (true/false) from architecture: true
[INFO ] 2023-02-26 03:49:51.355 [main] Main - Getting users pending to access to eMQTT Broker
[DEBUG] 2023-02-26 03:50:01.356 [main] Util - Recovered status (true/false) from architecture: true
[INFO ] 2023-02-26 03:50:01.357 [main] Main - Getting users pending to access to eMQTT Broker
[DEBUG] 2023-02-26 03:50:11.358 [main] Util - Recovered status (true/false) from architecture: true
[INFO ] 2023-02-26 03:50:11.359 [main] Main - Getting users pending to access to eMQTT Broker
[DEBUG] 2023-02-26 03:50:21.360 [main] Util - Recovered status (true/false) from architecture: true
[INFO ] 2023-02-26 03:50:21.361 [main] Main - Getting users pending to access to eMQTT Broker
[DEBUG] 2023-02-26 03:50:31.362 [main] Util - Recovered status (true/false) from architecture: true
[INFO ] 2023-02-26 03:50:31.363 [main] Main - Getting users pending to access to eMQTT Broker
[DEBUG] 2023-02-26 03:50:41.366 [main] Util - Recovered status (true/false) from architecture: true
[INFO ] 2023-02-26 03:50:41.367 [main] Main - Getting users pending to access to eMQTT Broker
[DEBUG] 2023-02-26 03:50:51.369 [main] Util - Recovered status (true/false) from architecture: true
[INFO ] 2023-02-26 03:50:51.370 [main] Main - Getting users pending to access to eMQTT Broker
[DEBUG] 2023-02-26 03:51:01.372 [main] Util - Recovered status (true/false) from architecture: true
[INFO ] 2023-02-26 03:51:01.373 [main] Main - Getting users pending to access to eMQTT Broker
[DEBUG] 2023-02-26 03:51:11.374 [main] Util - Recovered status (true/false) from architecture: true
[INFO ] 2023-02-26 03:51:11.376 [main] Main - Getting users pending to access to eMQTT Broker
[DEBUG] 2023-02-26 03:51:21.378 [main] Util - Recovered status (true/false) from architecture: true
[INFO ] 2023-02-26 03:51:21.379 [main] Main - Getting users pending to access to eMQTT Broker
[DEBUG] 2023-02-26 03:51:31.381 [main] Util - Recovered status (true/false) from architecture: true
[INFO ] 2023-02-26 03:51:31.382 [main] Main - Getting users pending to access to eMQTT Broker
[DEBUG] 2023-02-26 03:51:41.384 [main] Util - Recovered status (true/false) from architecture: true
[INFO ] 2023-02-26 03:51:41.385 [main] Main - Getting users pending to access to eMQTT Broker
[DEBUG] 2023-02-26 03:51:51.386 [main] Util - Recovered status (true/false) from architecture: true
[INFO ] 2023-02-26 03:51:51.386 [main] Main - Getting users pending to access to eMQTT Broker
[DEBUG] 2023-02-26 03:52:01.388 [main] Util - Recovered status (true/false) from architecture: true
[INFO ] 2023-02-26 03:52:01.389 [main] Main - Getting users pending to access to eMQTT Broker
[DEBUG] 2023-02-26 03:52:11.390 [main] Util - Recovered status (true/false) from architecture: true
[INFO ] 2023-02-26 03:52:11.391 [main] Main - Getting users pending to access to eMQTT Broker
[DEBUG] 2023-02-26 03:52:21.394 [main] Util - Recovered status (true/false) from architecture: true
[INFO ] 2023-02-26 03:52:21.395 [main] Main - Getting users pending to access to eMQTT Broker
[DEBUG] 2023-02-26 03:52:31.397 [main] Util - Recovered status (true/false) from architecture: true
[INFO ] 2023-02-26 03:52:31.400 [main] Main - Getting users pending to access to eMQTT Broker
[DEBUG] 2023-02-26 03:52:41.404 [main] Util - Recovered status (true/false) from architecture: true
[INFO ] 2023-02-26 03:52:41.406 [main] Main - Getting users pending to access to eMQTT Broker
[DEBUG] 2023-02-26 03:52:51.408 [main] Util - Recovered status (true/false) from architecture: true
[INFO ] 2023-02-26 03:52:51.409 [main] Main - Getting users pending to access to eMQTT Broker
[DEBUG] 2023-02-26 03:53:01.411 [main] Util - Recovered status (true/false) from architecture: true
[INFO ] 2023-02-26 03:53:01.413 [main] Main - Getting users pending to access to eMQTT Broker
[DEBUG] 2023-02-26 03:53:11.415 [main] Util - Recovered status (true/false) from architecture: true
[INFO ] 2023-02-26 03:53:11.416 [main] Main - Getting users pending to access to eMQTT Broker
[DEBUG] 2023-02-26 03:53:21.417 [main] Util - Recovered status (true/false) from architecture: true
[INFO ] 2023-02-26 03:53:21.418 [main] Main - Getting users pending to access to eMQTT Broker
[DEBUG] 2023-02-26 03:53:31.419 [main] Util - Recovered status (true/false) from architecture: true
[INFO ] 2023-02-26 03:53:31.420 [main] Main - Getting users pending to access to eMQTT Broker
[DEBUG] 2023-02-26 03:53:41.422 [main] Util - Recovered status (true/false) from architecture: true
[INFO ] 2023-02-26 03:53:41.423 [main] Main - Getting users pending to access to eMQTT Broker
[DEBUG] 2023-02-26 03:53:51.425 [main] Util - Recovered status (true/false) from architecture: true
[INFO ] 2023-02-26 03:53:51.426 [main] Main - Getting users pending to access to eMQTT Broker
[DEBUG] 2023-02-26 03:54:01.428 [main] Util - Recovered status (true/false) from architecture: true
[INFO ] 2023-02-26 03:54:01.429 [main] Main - Getting users pending to access to eMQTT Broker
[DEBUG] 2023-02-26 03:54:11.432 [main] Util - Recovered status (true/false) from architecture: true
[INFO ] 2023-02-26 03:54:11.433 [main] Main - Getting users pending to access to eMQTT Broker
[DEBUG] 2023-02-26 03:54:21.434 [main] Util - Recovered status (true/false) from architecture: true
[INFO ] 2023-02-26 03:54:21.435 [main] Main - Getting users pending to access to eMQTT Broker
[DEBUG] 2023-02-26 03:54:31.437 [main] Util - Recovered status (true/false) from architecture: true
[INFO ] 2023-02-26 03:54:31.438 [main] Main - Getting users pending to access to eMQTT Broker
[DEBUG] 2023-02-26 03:54:41.439 [main] Util - Recovered status (true/false) from architecture: true
[INFO ] 2023-02-26 03:54:41.440 [main] Main - Getting users pending to access to eMQTT Broker
[DEBUG] 2023-02-26 03:54:51.441 [main] Util - Recovered status (true/false) from architecture: true
[INFO ] 2023-02-26 03:54:51.442 [main] Main - Getting users pending to access to eMQTT Broker
[DEBUG] 2023-02-26 03:55:01.444 [main] Util - Recovered status (true/false) from architecture: true
[INFO ] 2023-02-26 03:55:01.445 [main] Main - Getting users pending to access to eMQTT Broker
[DEBUG] 2023-02-26 03:55:11.446 [main] Util - Recovered status (true/false) from architecture: true
[INFO ] 2023-02-26 03:55:11.447 [main] Main - Getting users pending to access to eMQTT Broker
[DEBUG] 2023-02-26 03:55:21.449 [main] Util - Recovered status (true/false) from architecture: true
[INFO ] 2023-02-26 03:55:21.449 [main] Main - Getting users pending to access to eMQTT Broker
[DEBUG] 2023-02-26 03:55:31.451 [main] Util - Recovered status (true/false) from architecture: true
[INFO ] 2023-02-26 03:55:31.452 [main] Main - Getting users pending to access to eMQTT Broker
[DEBUG] 2023-02-26 03:55:41.455 [main] Util - Recovered status (true/false) from architecture: true
[INFO ] 2023-02-26 03:55:41.456 [main] Main - Getting users pending to access to eMQTT Broker
[DEBUG] 2023-02-26 03:55:51.457 [main] Util - Recovered status (true/false) from architecture: true
[INFO ] 2023-02-26 03:55:51.458 [main] Main - Getting users pending to access to eMQTT Broker
[DEBUG] 2023-02-26 03:56:01.460 [main] Util - Recovered status (true/false) from architecture: true
[INFO ] 2023-02-26 03:56:01.461 [main] Main - Getting users pending to access to eMQTT Broker
[DEBUG] 2023-02-26 03:56:11.462 [main] Util - Recovered status (true/false) from architecture: true
[INFO ] 2023-02-26 03:56:11.463 [main] Main - Getting users pending to access to eMQTT Broker
[DEBUG] 2023-02-26 03:56:21.465 [main] Util - Recovered status (true/false) from architecture: true
[INFO ] 2023-02-26 03:56:21.466 [main] Main - Getting users pending to access to eMQTT Broker
[DEBUG] 2023-02-26 03:56:31.467 [main] Util - Recovered status (true/false) from architecture: true
[INFO ] 2023-02-26 03:56:31.468 [main] Main - Getting users pending to access to eMQTT Broker
[DEBUG] 2023-02-26 03:56:41.469 [main] Util - Recovered status (true/false) from architecture: true
[INFO ] 2023-02-26 03:56:41.470 [main] Main - Getting users pending to access to eMQTT Broker
[DEBUG] 2023-02-26 03:56:51.471 [main] Util - Recovered status (true/false) from architecture: true
[INFO ] 2023-02-26 03:56:51.472 [main] Main - Getting users pending to access to eMQTT Broker
[DEBUG] 2023-02-26 03:57:01.474 [main] Util - Recovered status (true/false) from architecture: true
[INFO ] 2023-02-26 03:57:01.475 [main] Main - Getting users pending to access to eMQTT Broker
[DEBUG] 2023-02-26 03:57:11.476 [main] Util - Recovered status (true/false) from architecture: true
[INFO ] 2023-02-26 03:57:11.477 [main] Main - Getting users pending to access to eMQTT Broker
[DEBUG] 2023-02-26 03:57:21.479 [main] Util - Recovered status (true/false) from architecture: true
[INFO ] 2023-02-26 03:57:21.480 [main] Main - Getting users pending to access to eMQTT Broker
[DEBUG] 2023-02-26 03:57:31.482 [main] Util - Recovered status (true/false) from architecture: true
[INFO ] 2023-02-26 03:57:31.483 [main] Main - Getting users pending to access to eMQTT Broker
[DEBUG] 2023-02-26 03:57:41.485 [main] Util - Recovered status (true/false) from architecture: true
[INFO ] 2023-02-26 03:57:41.486 [main] Main - Getting users pending to access to eMQTT Broker
[DEBUG] 2023-02-26 03:57:51.488 [main] Util - Recovered status (true/false) from architecture: true
[INFO ] 2023-02-26 03:57:51.488 [main] Main - Getting users pending to access to eMQTT Broker
[DEBUG] 2023-02-26 03:58:01.490 [main] Util - Recovered status (true/false) from architecture: true
[INFO ] 2023-02-26 03:58:01.491 [main] Main - Getting users pending to access to eMQTT Broker
[DEBUG] 2023-02-26 03:58:11.493 [main] Util - Recovered status (true/false) from architecture: true
[INFO ] 2023-02-26 03:58:11.494 [main] Main - Getting users pending to access to eMQTT Broker
[DEBUG] 2023-02-26 03:58:21.495 [main] Util - Recovered status (true/false) from architecture: true
[INFO ] 2023-02-26 03:58:21.496 [main] Main - Getting users pending to access to eMQTT Broker
[DEBUG] 2023-02-26 03:58:31.498 [main] Util - Recovered status (true/false) from architecture: true
[INFO ] 2023-02-26 03:58:31.499 [main] Main - Getting users pending to access to eMQTT Broker
[DEBUG] 2023-02-26 03:58:41.501 [main] Util - Recovered status (true/false) from architecture: true
[INFO ] 2023-02-26 03:58:41.501 [main] Main - Getting users pending to access to eMQTT Broker
[DEBUG] 2023-02-26 03:58:51.503 [main] Util - Recovered status (true/false) from architecture: true
[INFO ] 2023-02-26 03:58:51.504 [main] Main - Getting users pending to access to eMQTT Broker
[DEBUG] 2023-02-26 03:59:01.506 [main] Util - Recovered status (true/false) from architecture: true
[INFO ] 2023-02-26 03:59:01.508 [main] Main - Getting users pending to access to eMQTT Broker
[DEBUG] 2023-02-26 03:59:11.509 [main] Util - Recovered status (true/false) from architecture: true
[INFO ] 2023-02-26 03:59:11.511 [main] Main - Getting users pending to access to eMQTT Broker
[DEBUG] 2023-02-26 03:59:21.513 [main] Util - Recovered status (true/false) from architecture: true
[INFO ] 2023-02-26 03:59:21.514 [main] Main - Getting users pending to access to eMQTT Broker
[DEBUG] 2023-02-26 03:59:31.515 [main] Util - Recovered status (true/false) from architecture: true
[INFO ] 2023-02-26 03:59:31.516 [main] Main - Getting users pending to access to eMQTT Broker
[DEBUG] 2023-02-26 03:59:41.517 [main] Util - Recovered status (true/false) from architecture: true
[INFO ] 2023-02-26 03:59:41.518 [main] Main - Getting users pending to access to eMQTT Broker
[DEBUG] 2023-02-26 03:59:51.520 [main] Util - Recovered status (true/false) from architecture: true
[INFO ] 2023-02-26 03:59:51.521 [main] Main - Getting users pending to access to eMQTT Broker
[DEBUG] 2023-02-26 04:00:01.523 [main] Util - Recovered status (true/false) from architecture: true
[INFO ] 2023-02-26 04:00:01.525 [main] Main - Getting users pending to access to eMQTT Broker
[DEBUG] 2023-02-26 04:00:11.527 [main] Util - Recovered status (true/false) from architecture: true
[INFO ] 2023-02-26 04:00:11.528 [main] Main - Getting users pending to access to eMQTT Broker
[DEBUG] 2023-02-26 04:00:21.530 [main] Util - Recovered status (true/false) from architecture: true
[INFO ] 2023-02-26 04:00:21.531 [main] Main - Getting users pending to access to eMQTT Broker
[DEBUG] 2023-02-26 04:00:31.534 [main] Util - Recovered status (true/false) from architecture: true
[INFO ] 2023-02-26 04:00:31.536 [main] Main - Getting users pending to access to eMQTT Broker
[DEBUG] 2023-02-26 04:00:41.539 [main] Util - Recovered status (true/false) from architecture: true
[INFO ] 2023-02-26 04:00:41.539 [main] Main - Getting users pending to access to eMQTT Broker
[DEBUG] 2023-02-26 04:00:51.541 [main] Util - Recovered status (true/false) from architecture: true
[INFO ] 2023-02-26 04:00:51.542 [main] Main - Getting users pending to access to eMQTT Broker
[DEBUG] 2023-02-26 04:01:01.544 [main] Util - Recovered status (true/false) from architecture: true
[INFO ] 2023-02-26 04:01:01.545 [main] Main - Getting users pending to access to eMQTT Broker
[DEBUG] 2023-02-26 04:01:11.547 [main] Util - Recovered status (true/false) from architecture: true
[INFO ] 2023-02-26 04:01:11.547 [main] Main - Getting users pending to access to eMQTT Broker
[DEBUG] 2023-02-26 04:01:21.549 [main] Util - Recovered status (true/false) from architecture: true
[INFO ] 2023-02-26 04:01:21.550 [main] Main - Getting users pending to access to eMQTT Broker
[DEBUG] 2023-02-26 04:01:31.551 [main] Util - Recovered status (true/false) from architecture: true
[INFO ] 2023-02-26 04:01:31.552 [main] Main - Getting users pending to access to eMQTT Broker
[DEBUG] 2023-02-26 04:01:41.554 [main] Util - Recovered status (true/false) from architecture: true
[INFO ] 2023-02-26 04:01:41.554 [main] Main - Getting users pending to access to eMQTT Broker
[DEBUG] 2023-02-26 04:01:51.556 [main] Util - Recovered status (true/false) from architecture: true
[INFO ] 2023-02-26 04:01:51.556 [main] Main - Getting users pending to access to eMQTT Broker
[DEBUG] 2023-02-26 04:02:01.558 [main] Util - Recovered status (true/false) from architecture: true
[INFO ] 2023-02-26 04:02:01.558 [main] Main - Getting users pending to access to eMQTT Broker
[DEBUG] 2023-02-26 04:02:11.560 [main] Util - Recovered status (true/false) from architecture: true
[INFO ] 2023-02-26 04:02:11.561 [main] Main - Getting users pending to access to eMQTT Broker
[DEBUG] 2023-02-26 04:02:21.563 [main] Util - Recovered status (true/false) from architecture: true
[INFO ] 2023-02-26 04:02:21.564 [main] Main - Getting users pending to access to eMQTT Broker
[DEBUG] 2023-02-26 04:02:31.565 [main] Util - Recovered status (true/false) from architecture: true
[INFO ] 2023-02-26 04:02:31.566 [main] Main - Getting users pending to access to eMQTT Broker
[DEBUG] 2023-02-26 04:02:41.568 [main] Util - Recovered status (true/false) from architecture: true
[INFO ] 2023-02-26 04:02:41.569 [main] Main - Getting users pending to access to eMQTT Broker
[DEBUG] 2023-02-26 04:02:51.571 [main] Util - Recovered status (true/false) from architecture: true
[INFO ] 2023-02-26 04:02:51.572 [main] Main - Getting users pending to access to eMQTT Broker
[DEBUG] 2023-02-26 04:03:01.573 [main] Util - Recovered status (true/false) from architecture: true
[INFO ] 2023-02-26 04:03:01.575 [main] Main - Getting users pending to access to eMQTT Broker
[DEBUG] 2023-02-26 04:03:11.577 [main] Util - Recovered status (true/false) from architecture: true
[INFO ] 2023-02-26 04:03:11.578 [main] Main - Getting users pending to access to eMQTT Broker
[DEBUG] 2023-02-26 04:03:21.579 [main] Util - Recovered status (true/false) from architecture: true
[INFO ] 2023-02-26 04:03:21.580 [main] Main - Getting users pending to access to eMQTT Broker
[DEBUG] 2023-02-26 04:03:31.581 [main] Util - Recovered status (true/false) from architecture: true
[INFO ] 2023-02-26 04:03:31.581 [main] Main - Getting users pending to access to eMQTT Broker
[DEBUG] 2023-02-26 04:03:41.583 [main] Util - Recovered status (true/false) from architecture: true
[INFO ] 2023-02-26 04:03:41.584 [main] Main - Getting users pending to access to eMQTT Broker
[DEBUG] 2023-02-26 04:03:51.585 [main] Util - Recovered status (true/false) from architecture: true
[INFO ] 2023-02-26 04:03:51.586 [main] Main - Getting users pending to access to eMQTT Broker
[DEBUG] 2023-02-26 04:04:01.587 [main] Util - Recovered status (true/false) from architecture: true
[INFO ] 2023-02-26 04:04:01.588 [main] Main - Getting users pending to access to eMQTT Broker
[DEBUG] 2023-02-26 04:04:11.590 [main] Util - Recovered status (true/false) from architecture: true
[INFO ] 2023-02-26 04:04:11.592 [main] Main - Getting users pending to access to eMQTT Broker
[DEBUG] 2023-02-26 04:04:21.594 [main] Util - Recovered status (true/false) from architecture: true
[INFO ] 2023-02-26 04:04:21.594 [main] Main - Getting users pending to access to eMQTT Broker
[DEBUG] 2023-02-26 04:04:31.596 [main] Util - Recovered status (true/false) from architecture: true
[INFO ] 2023-02-26 04:04:31.597 [main] Main - Getting users pending to access to eMQTT Broker
[DEBUG] 2023-02-26 04:04:41.599 [main] Util - Recovered status (true/false) from architecture: true
[INFO ] 2023-02-26 04:04:41.600 [main] Main - Getting users pending to access to eMQTT Broker
[DEBUG] 2023-02-26 04:04:51.601 [main] Util - Recovered status (true/false) from architecture: true
[INFO ] 2023-02-26 04:04:51.602 [main] Main - Getting users pending to access to eMQTT Broker
[DEBUG] 2023-02-26 04:05:01.603 [main] Util - Recovered status (true/false) from architecture: true
[INFO ] 2023-02-26 04:05:01.604 [main] Main - Getting users pending to access to eMQTT Broker
[DEBUG] 2023-02-26 04:05:11.605 [main] Util - Recovered status (true/false) from architecture: true
[INFO ] 2023-02-26 04:05:11.606 [main] Main - Getting users pending to access to eMQTT Broker
[DEBUG] 2023-02-26 04:05:21.608 [main] Util - Recovered status (true/false) from architecture: true
[INFO ] 2023-02-26 04:05:21.609 [main] Main - Getting users pending to access to eMQTT Broker
[DEBUG] 2023-02-26 04:05:31.612 [main] Util - Recovered status (true/false) from architecture: true
[INFO ] 2023-02-26 04:05:31.613 [main] Main - Getting users pending to access to eMQTT Broker
[DEBUG] 2023-02-26 04:05:41.614 [main] Util - Recovered status (true/false) from architecture: true
[INFO ] 2023-02-26 04:05:41.615 [main] Main - Getting users pending to access to eMQTT Broker
[DEBUG] 2023-02-26 04:05:51.616 [main] Util - Recovered status (true/false) from architecture: true
[INFO ] 2023-02-26 04:05:51.617 [main] Main - Getting users pending to access to eMQTT Broker
[DEBUG] 2023-02-26 04:06:01.618 [main] Util - Recovered status (true/false) from architecture: true
[INFO ] 2023-02-26 04:06:01.619 [main] Main - Getting users pending to access to eMQTT Broker
[DEBUG] 2023-02-26 04:06:11.620 [main] Util - Recovered status (true/false) from architecture: true
[INFO ] 2023-02-26 04:06:11.621 [main] Main - Getting users pending to access to eMQTT Broker
[DEBUG] 2023-02-26 04:06:21.622 [main] Util - Recovered status (true/false) from architecture: true
[INFO ] 2023-02-26 04:06:21.623 [main] Main - Getting users pending to access to eMQTT Broker
[DEBUG] 2023-02-26 04:06:31.625 [main] Util - Recovered status (true/false) from architecture: true
[INFO ] 2023-02-26 04:06:31.626 [main] Main - Getting users pending to access to eMQTT Broker
[DEBUG] 2023-02-26 04:06:41.627 [main] Util - Recovered status (true/false) from architecture: true
[INFO ] 2023-02-26 04:06:41.628 [main] Main - Getting users pending to access to eMQTT Broker
[DEBUG] 2023-02-26 04:06:51.630 [main] Util - Recovered status (true/false) from architecture: true
[INFO ] 2023-02-26 04:06:51.631 [main] Main - Getting users pending to access to eMQTT Broker
[DEBUG] 2023-02-26 04:07:01.633 [main] Util - Recovered status (true/false) from architecture: true
[INFO ] 2023-02-26 04:07:01.634 [main] Main - Getting users pending to access to eMQTT Broker
[DEBUG] 2023-02-26 04:07:11.636 [main] Util - Recovered status (true/false) from architecture: true
[INFO ] 2023-02-26 04:07:11.636 [main] Main - Getting users pending to access to eMQTT Broker
[DEBUG] 2023-02-26 04:07:21.638 [main] Util - Recovered status (true/false) from architecture: true
[INFO ] 2023-02-26 04:07:21.638 [main] Main - Getting users pending to access to eMQTT Broker
[DEBUG] 2023-02-26 04:07:31.641 [main] Util - Recovered status (true/false) from architecture: true
[INFO ] 2023-02-26 04:07:31.641 [main] Main - Getting users pending to access to eMQTT Broker
[DEBUG] 2023-02-26 04:07:41.642 [main] Util - Recovered status (true/false) from architecture: true
[INFO ] 2023-02-26 04:07:41.644 [main] Main - Getting users pending to access to eMQTT Broker
[DEBUG] 2023-02-26 04:07:51.646 [main] Util - Recovered status (true/false) from architecture: true
[INFO ] 2023-02-26 04:07:51.647 [main] Main - Getting users pending to access to eMQTT Broker
[DEBUG] 2023-02-26 04:08:01.648 [main] Util - Recovered status (true/false) from architecture: true
[INFO ] 2023-02-26 04:08:01.648 [main] Main - Getting users pending to access to eMQTT Broker
[DEBUG] 2023-02-26 04:08:11.650 [main] Util - Recovered status (true/false) from architecture: true
[INFO ] 2023-02-26 04:08:11.651 [main] Main - Getting users pending to access to eMQTT Broker
[DEBUG] 2023-02-26 04:08:21.652 [main] Util - Recovered status (true/false) from architecture: true
[INFO ] 2023-02-26 04:08:21.653 [main] Main - Getting users pending to access to eMQTT Broker
[DEBUG] 2023-02-26 04:08:31.654 [main] Util - Recovered status (true/false) from architecture: true
[INFO ] 2023-02-26 04:08:31.656 [main] Main - Getting users pending to access to eMQTT Broker
[DEBUG] 2023-02-26 04:08:41.657 [main] Util - Recovered status (true/false) from architecture: true
[INFO ] 2023-02-26 04:08:41.662 [main] Main - Getting users pending to access to eMQTT Broker
[DEBUG] 2023-02-26 04:08:51.663 [main] Util - Recovered status (true/false) from architecture: true
[INFO ] 2023-02-26 04:08:51.664 [main] Main - Getting users pending to access to eMQTT Broker
[DEBUG] 2023-02-26 04:09:01.665 [main] Util - Recovered status (true/false) from architecture: true
[INFO ] 2023-02-26 04:09:01.666 [main] Main - Getting users pending to access to eMQTT Broker
[DEBUG] 2023-02-26 04:09:11.668 [main] Util - Recovered status (true/false) from architecture: true
[INFO ] 2023-02-26 04:09:11.668 [main] Main - Getting users pending to access to eMQTT Broker
[DEBUG] 2023-02-26 04:09:21.670 [main] Util - Recovered status (true/false) from architecture: true
[INFO ] 2023-02-26 04:09:21.671 [main] Main - Getting users pending to access to eMQTT Broker
[DEBUG] 2023-02-26 04:09:31.672 [main] Util - Recovered status (true/false) from architecture: true
[INFO ] 2023-02-26 04:09:31.673 [main] Main - Getting users pending to access to eMQTT Broker
